MedicineReminderAppJava/app/build/intermediates/manifest_merge_blame_file/debug/manifest-merger-blame-debug-report.txt
1<?xml version="1.0" encoding="utf-8"?>
2<manifest xmlns:android="http://schemas.android.com/apk/res/android"
3    package="com.example.medreminderjava"
4    android:versionCode="1"
5    android:versionName="1.0" >
6
7    <uses-sdk
8        android:minSdkVersion="26"
9        android:targetSdkVersion="34" />
10
11    <!-- Permissions for notifications and precise scheduling -->
12    <uses-permission android:name="android.permission.POST_NOTIFICATIONS" />
12-->src\main\AndroidManifest.xml:5:5-77
12-->src\main\AndroidManifest.xml:5:22-74
13    <uses-permission android:name="android.permission.SCHEDULE_EXACT_ALARM" />
13-->src\main\AndroidManifest.xml:6:5-79
13-->src\main\AndroidManifest.xml:6:22-76
14    <uses-permission android:name="android.permission.RECEIVE_BOOT_COMPLETED" />
14-->src\main\AndroidManifest.xml:7:5-81
14-->src\main\AndroidManifest.xml:7:22-78
15    <uses-permission android:name="android.permission.SEND_SMS" />
15-->src\main\AndroidManifest.xml:8:5-67
15-->src\main\AndroidManifest.xml:8:22-64
16    <uses-permission android:name="android.permission.VIBRATE" />
16-->src\main\AndroidManifest.xml:9:5-66
16-->src\main\AndroidManifest.xml:9:22-63
17    <uses-permission android:name="android.permission.USE_FULL_SCREEN_INTENT" />
17-->src\main\AndroidManifest.xml:10:5-81
17-->src\main\AndroidManifest.xml:10:22-78
18    <uses-permission android:name="android.permission.WAKE_LOCK" />
18-->src\main\AndroidManifest.xml:11:5-68
18-->src\main\AndroidManifest.xml:11:22-65
19    <uses-permission android:name="android.permission.DISABLE_KEYGUARD" />
19-->src\main\AndroidManifest.xml:12:5-75
19-->src\main\AndroidManifest.xml:12:22-72
20
21    <uses-feature
21-->src\main\AndroidManifest.xml:14:5-88
22        android:name="android.hardware.telephony"
22-->src\main\AndroidManifest.xml:14:19-60
23        android:required="false" />
23-->src\main\AndroidManifest.xml:14:61-85
24
25    <permission
25-->[androidx.core:core:1.9.0] AndroidManifest.xml:22:5-24:47
26        android:name="com.example.medreminderjava.DYNAMIC_RECEIVER_NOT_EXPORTED_PERMISSION"
26-->[androidx.core:core:1.9.0] AndroidManifest.xml:23:9-81
27        android:protectionLevel="signature" />
27-->[androidx.core:core:1.9.0] AndroidManifest.xml:24:9-44
28
29    <uses-permission android:name="com.example.medreminderjava.DYNAMIC_RECEIVER_NOT_EXPORTED_PERMISSION" />
29-->[androidx.core:core:1.9.0] AndroidManifest.xml:26:5-97
29-->[androidx.core:core:1.9.0] AndroidManifest.xml:26:22-94
30
31    <application
31-->src\main\AndroidManifest.xml:16:5-84:19
32        android:allowBackup="true"
32-->src\main\AndroidManifest.xml:17:9-35
33        android:appComponentFactory="androidx.core.app.CoreComponentFactory"
33-->[androidx.core:core:1.9.0] AndroidManifest.xml:28:18-86
34        android:debuggable="true"
35        android:extractNativeLibs="false"
36        android:icon="@drawable/ic_launcher"
36-->src\main\AndroidManifest.xml:18:9-45
37        android:label="@string/app_name"
37-->src\main\AndroidManifest.xml:19:9-41
38        android:roundIcon="@drawable/ic_launcher"
38-->src\main\AndroidManifest.xml:20:9-50
39        android:supportsRtl="true"
39-->src\main\AndroidManifest.xml:21:9-35
40        android:testOnly="true"
41        android:theme="@style/Theme.MedicineReminder" >
41-->src\main\AndroidManifest.xml:22:9-54
42        <activity
42-->src\main\AndroidManifest.xml:24:9-31:20
43            android:name="com.example.medreminderjava.LoginActivity"
43-->src\main\AndroidManifest.xml:25:13-42
44            android:exported="true" >
44-->src\main\AndroidManifest.xml:26:13-36
45            <intent-filter>
45-->src\main\AndroidManifest.xml:27:13-30:29
46                <action android:name="android.intent.action.MAIN" />
46-->src\main\AndroidManifest.xml:28:17-69
46-->src\main\AndroidManifest.xml:28:25-66
47
48                <category android:name="android.intent.category.LAUNCHER" />
48-->src\main\AndroidManifest.xml:29:17-77
48-->src\main\AndroidManifest.xml:29:27-74
49            </intent-filter>
50        </activity>
51        <activity
51-->src\main\AndroidManifest.xml:33:9-35:40
52            android:name="com.example.medreminderjava.RegisterActivity"
52-->src\main\AndroidManifest.xml:34:13-45
53            android:exported="false" />
53-->src\main\AndroidManifest.xml:35:13-37
54        <activity
54-->src\main\AndroidManifest.xml:37:9-39:40
55            android:name="com.example.medreminderjava.MainActivity"
55-->src\main\AndroidManifest.xml:38:13-41
56            android:exported="false" />
56-->src\main\AndroidManifest.xml:39:13-37
57        <activity
57-->src\main\AndroidManifest.xml:41:9-44:58
58            android:name="com.example.medreminderjava.DoctorDetailActivity"
58-->src\main\AndroidManifest.xml:42:13-49
59            android:exported="false"
59-->src\main\AndroidManifest.xml:43:13-37
60            android:parentActivityName="com.example.medreminderjava.MainActivity" />
60-->src\main\AndroidManifest.xml:44:13-55
61        <activity
61-->src\main\AndroidManifest.xml:46:9-48:40
62            android:name="com.example.medreminderjava.MedicineFormActivity"
62-->src\main\AndroidManifest.xml:47:13-49
63            android:exported="false" />
63-->src\main\AndroidManifest.xml:48:13-37
64        <activity
64-->src\main\AndroidManifest.xml:50:9-53:58
65            android:name="com.example.medreminderjava.MedicineListActivity"
65-->src\main\AndroidManifest.xml:51:13-49
66            android:exported="false"
66-->src\main\AndroidManifest.xml:52:13-37
67            android:parentActivityName="com.example.medreminderjava.MainActivity" />
67-->src\main\AndroidManifest.xml:53:13-55
68        <activity
68-->src\main\AndroidManifest.xml:55:9-58:58
69            android:name="com.example.medreminderjava.ReportsActivity"
69-->src\main\AndroidManifest.xml:56:13-44
70            android:exported="false"
70-->src\main\AndroidManifest.xml:57:13-37
71            android:parentActivityName="com.example.medreminderjava.MainActivity" />
71-->src\main\AndroidManifest.xml:58:13-55
72        <activity
72-->src\main\AndroidManifest.xml:60:9-63:61
73            android:name="com.example.medreminderjava.AppointmentListActivity"
73-->src\main\AndroidManifest.xml:61:13-52
74            android:exported="false"
74-->src\main\AndroidManifest.xml:62:13-37
75            android:parentActivityName="com.example.medreminderjava.ReportsActivity" />
75-->src\main\AndroidManifest.xml:63:13-58
76        <activity
76-->src\main\AndroidManifest.xml:65:9-70:43
77            android:name="com.example.medreminderjava.ReminderAlarmActivity"
77-->src\main\AndroidManifest.xml:66:13-50
78            android:exported="false"
78-->src\main\AndroidManifest.xml:67:13-37
79            android:showForAllUsers="true"
79-->src\main\AndroidManifest.xml:68:13-43
80            android:showOnLockScreen="true"
80-->src\main\AndroidManifest.xml:69:13-44
81            android:turnScreenOn="true" />
81-->src\main\AndroidManifest.xml:70:13-40
82
83        <!-- BroadcastReceiver for scheduling medicine alarms and daily stock alerts -->
84        <receiver
84-->src\main\AndroidManifest.xml:73:9-82:20
85            android:name="com.example.medreminderjava.notification.AlarmReceiver"
85-->src\main\AndroidManifest.xml:74:13-55
86            android:enabled="true"
86-->src\main\AndroidManifest.xml:75:13-35
87            android:exported="false" >
87-->src\main\AndroidManifest.xml:76:13-37
88            <intent-filter>
88-->src\main\AndroidManifest.xml:77:13-81:29
89                <action android:name="android.intent.action.BOOT_COMPLETED" />
89-->src\main\AndroidManifest.xml:78:17-79
89-->src\main\AndroidManifest.xml:78:25-76
90                <action android:name="com.example.medreminderjava.ACTION_ALARM_DOSE" />
90-->src\main\AndroidManifest.xml:79:17-88
90-->src\main\AndroidManifest.xml:79:25-85
91                <action android:name="com.example.medreminderjava.ACTION_ALARM_DAILY_CHECK" />
91-->src\main\AndroidManifest.xml:80:17-95
91-->src\main\AndroidManifest.xml:80:25-92
92            </intent-filter>
93        </receiver>
94
95        <provider
95-->[androidx.emoji2:emoji2:1.2.0] AndroidManifest.xml:24:9-32:20
96            android:name="androidx.startup.InitializationProvider"
96-->[androidx.emoji2:emoji2:1.2.0] AndroidManifest.xml:25:13-67
97            android:authorities="com.example.medreminderjava.androidx-startup"
97-->[androidx.emoji2:emoji2:1.2.0] AndroidManifest.xml:26:13-68
98            android:exported="false" >
98-->[androidx.emoji2:emoji2:1.2.0] AndroidManifest.xml:27:13-37
99            <meta-data
99-->[androidx.emoji2:emoji2:1.2.0] AndroidManifest.xml:29:13-31:52
100                android:name="androidx.emoji2.text.EmojiCompatInitializer"
100-->[androidx.emoji2:emoji2:1.2.0] AndroidManifest.xml:30:17-75
101                android:value="androidx.startup" />
101-->[androidx.emoji2:emoji2:1.2.0] AndroidManifest.xml:31:17-49
102            <meta-data
102-->[androidx.lifecycle:lifecycle-process:2.6.1] AndroidManifest.xml:29:13-31:52
103                android:name="androidx.lifecycle.ProcessLifecycleInitializer"
103-->[androidx.lifecycle:lifecycle-process:2.6.1] AndroidManifest.xml:30:17-78
104                android:value="androidx.startup" />
104-->[androidx.lifecycle:lifecycle-process:2.6.1] AndroidManifest.xml:31:17-49
105            <meta-data
105-->[androidx.profileinstaller:profileinstaller:1.3.0] AndroidManifest.xml:29:13-31:52
106                android:name="androidx.profileinstaller.ProfileInstallerInitializer"
106-->[androidx.profileinstaller:profileinstaller:1.3.0] AndroidManifest.xml:30:17-85
107                android:value="androidx.startup" />
107-->[androidx.profileinstaller:profileinstaller:1.3.0] AndroidManifest.xml:31:17-49
108        </provider>
109
110        <receiver
110-->[androidx.profileinstaller:profileinstaller:1.3.0] AndroidManifest.xml:34:9-52:20
111            android:name="androidx.profileinstaller.ProfileInstallReceiver"
111-->[androidx.profileinstaller:profileinstaller:1.3.0] AndroidManifest.xml:35:13-76
112            android:directBootAware="false"
112-->[androidx.profileinstaller:profileinstaller:1.3.0] AndroidManifest.xml:36:13-44
113            android:enabled="true"
113-->[androidx.profileinstaller:profileinstaller:1.3.0] AndroidManifest.xml:37:13-35
114            android:exported="true"
114-->[androidx.profileinstaller:profileinstaller:1.3.0] AndroidManifest.xml:38:13-36
115            android:permission="android.permission.DUMP" >
115-->[androidx.profileinstaller:profileinstaller:1.3.0] AndroidManifest.xml:39:13-57
116            <intent-filter>
116-->[androidx.profileinstaller:profileinstaller:1.3.0] AndroidManifest.xml:40:13-42:29
117                <action android:name="androidx.profileinstaller.action.INSTALL_PROFILE" />
117-->[androidx.profileinstaller:profileinstaller:1.3.0] AndroidManifest.xml:41:17-91
117-->[androidx.profileinstaller:profileinstaller:1.3.0] AndroidManifest.xml:41:25-88
118            </intent-filter>
119            <intent-filter>
119-->[androidx.profileinstaller:profileinstaller:1.3.0] AndroidManifest.xml:43:13-45:29
120                <action android:name="androidx.profileinstaller.action.SKIP_FILE" />
120-->[androidx.profileinstaller:profileinstaller:1.3.0] AndroidManifest.xml:44:17-85
120-->[androidx.profileinstaller:profileinstaller:1.3.0] AndroidManifest.xml:44:25-82
121            </intent-filter>
122            <intent-filter>
122-->[androidx.profileinstaller:profileinstaller:1.3.0] AndroidManifest.xml:46:13-48:29
123                <action android:name="androidx.profileinstaller.action.SAVE_PROFILE" />
123-->[androidx.profileinstaller:profileinstaller:1.3.0] AndroidManifest.xml:47:17-88
123-->[androidx.profileinstaller:profileinstaller:1.3.0] AndroidManifest.xml:47:25-85
124            </intent-filter>
125            <intent-filter>
125-->[androidx.profileinstaller:profileinstaller:1.3.0] AndroidManifest.xml:49:13-51:29
126                <action android:name="androidx.profileinstaller.action.BENCHMARK_OPERATION" />
126-->[androidx.profileinstaller:profileinstaller:1.3.0] AndroidManifest.xml:50:17-95
126-->[androidx.profileinstaller:profileinstaller:1.3.0] AndroidManifest.xml:50:25-92
127            </intent-filter>
128        </receiver>
129    </application>
130
131</manifest>